<?xml version="1.0" encoding="UTF-8"?>
<testng-results ignored="0" total="1" passed="1" failed="0" skipped="0">
  <reporter-output>
  </reporter-output>
  <suite started-at="2025-04-08T13:46:17 IST" name="Default suite" finished-at="2025-04-08T13:47:39 IST" duration-ms="82326">
    <groups>
    </groups>
    <test started-at="2025-04-08T13:46:17 IST" name="Default test" finished-at="2025-04-08T13:47:39 IST" duration-ms="82326">
      <class name="GeneaWebAutomation.Tests.GeneaAssignment">
        <test-method is-config="true" signature="launchApplication()[pri:0, instance:GeneaWebAutomation.Tests.GeneaAssignment@55182842]" started-at="2025-04-08T13:46:17 IST" name="launchApplication" finished-at="2025-04-08T13:46:23 IST" duration-ms="5977" status="PASS">
          <reporter-output>
          </reporter-output>
        </test-method> <!-- launchApplication -->
        <test-method signature="GeneaFlipkartAssignment()[pri:0, instance:GeneaWebAutomation.Tests.GeneaAssignment@55182842]" started-at="2025-04-08T13:46:23 IST" name="GeneaFlipkartAssignment" finished-at="2025-04-08T13:47:39 IST" duration-ms="76208" status="PASS">
          <reporter-output>
          </reporter-output>
        </test-method> <!-- GeneaFlipkartAssignment -->
        <test-method is-config="true" signature="teardown()[pri:0, instance:GeneaWebAutomation.Tests.GeneaAssignment@55182842]" started-at="2025-04-08T13:47:39 IST" name="teardown" finished-at="2025-04-08T13:47:39 IST" duration-ms="111" status="PASS">
          <reporter-output>
          </reporter-output>
        </test-method> <!-- teardown -->
      </class> <!-- GeneaWebAutomation.Tests.GeneaAssignment -->
    </test> <!-- Default test -->
  </suite> <!-- Default suite -->
</testng-results>
