<?xml version="1.0" encoding="UTF-8"?>
<!-- Generated by org.testng.reporters.JUnitReportReporter -->
<testsuite hostname="DESKTOP-70TT9AU" failures="0" tests="1" name="IncubyteWebAutomation.Tests.TC_1_TypeFlipkartAndPrintAllSearchOptionsTestNG" time="19.754" errors="0" timestamp="2025-04-05T16:40:10 IST" skipped="0">
  <testcase classname="IncubyteWebAutomation.Tests.TC_1_TypeFlipkartAndPrintAllSearchOptionsTestNG" name="TypeFlipkartGetValues" time="19.754"/>
  <system-out/>
</testsuite> <!-- IncubyteWebAutomation.Tests.TC_1_TypeFlipkartAndPrintAllSearchOptionsTestNG -->
